[ 2017-09-18T15:16:36+08:00 ] ::1 /onethink/index.php?s=/admin/pomo/index.html
ERR: 1054:Unknown column 'addtime' in 'field list'
 [ SQL语句 ] : SELECT `id`,`city_id`,`name`,`image`,`addtime`,`longitude`,`latitude` FROM `onethink_mall` WHERE ( `name` LIKE '%%' ) LIMIT 0,10  

[ 2017-09-18T15:16:37+08:00 ] ::1 /onethink/index.php?s=/admin/pomo/index.html
ERR: 1054:Unknown column 'addtime' in 'field list'
 [ SQL语句 ] : SELECT `id`,`city_id`,`name`,`image`,`addtime`,`longitude`,`latitude` FROM `onethink_mall` WHERE ( `name` LIKE '%%' ) LIMIT 0,10  

[ 2017-09-18T15:16:37+08:00 ] ::1 /onethink/index.php?s=/admin/pomo/index.html
ERR: 1054:Unknown column 'addtime' in 'field list'
 [ SQL语句 ] : SELECT `id`,`city_id`,`name`,`image`,`addtime`,`longitude`,`latitude` FROM `onethink_mall` WHERE ( `name` LIKE '%%' ) LIMIT 0,10  

[ 2017-09-18T15:16:38+08:00 ] ::1 /onethink/index.php?s=/admin/mechant/index.html
ERR: 无法加载控制器:Mechant

[ 2017-09-18T15:16:44+08:00 ] ::1 /onethink/index.php?s=/admin/uuu/fd.html
ERR: 无法加载控制器:Uuu

[ 2017-09-18T15:16:47+08:00 ] ::1 /onethink/index.php?s=/admin/mechant/index.html
ERR: 无法加载控制器:Mechant

[ 2017-09-18T15:17:26+08:00 ] ::1 /onethink/index.php?s=/admin/mechant/index.html
ERR: 无法加载控制器:Mechant

[ 2017-09-18T15:19:18+08:00 ] ::1 /onethink/index.php?s=/admin/pomo/index.html
ERR: 1054:Unknown column 'addtime' in 'field list'
 [ SQL语句 ] : SELECT `id`,`city_id`,`name`,`image`,`addtime`,`longitude`,`latitude` FROM `onethink_mall` WHERE ( `name` LIKE '%%' ) LIMIT 0,10  

[ 2017-09-18T15:19:49+08:00 ] ::1 /onethink/index.php?s=/admin/merchant/index.html
ERR: 无法加载控制器:Merchant

[ 2017-09-18T15:19:52+08:00 ] ::1 /onethink/index.php?s=/admin/pomo/index.html
ERR: 1054:Unknown column 'addtime' in 'field list'
 [ SQL语句 ] : SELECT `id`,`city_id`,`name`,`image`,`addtime`,`longitude`,`latitude` FROM `onethink_mall` WHERE ( `name` LIKE '%%' ) LIMIT 0,10  

[ 2017-09-18T15:31:54+08:00 ] ::1 /onethink/index.php?s=/admin/pomo/index.html
ERR: 1054:Unknown column 'addtime' in 'field list'
 [ SQL语句 ] : SELECT `id`,`city_id`,`name`,`image`,`addtime`,`longitude`,`latitude` FROM `onethink_mall` WHERE ( `name` LIKE '%%' ) LIMIT 0,10  

[ 2017-09-18T15:40:29+08:00 ] ::1 /onethink/index.php?s=/admin/merchant/edit.html
ERR: 1064:You have an error in your SQL syntax; check the manual that corresponds to your MySQL server version for the right syntax to use near ') LIMIT 1' at line 1
 [ SQL语句 ] : SELECT * FROM `onethink_store` WHERE ( id= ) LIMIT 1  
ERR: 模板不存在:./Application/Admin/View/Merchant/edit.html

[ 2017-09-18T15:41:56+08:00 ] ::1 /onethink/index.php?s=/admin/pomo/index.html
ERR: 1054:Unknown column 'addtime' in 'field list'
 [ SQL语句 ] : SELECT `id`,`city_id`,`name`,`image`,`addtime`,`longitude`,`latitude` FROM `onethink_mall` WHERE ( `name` LIKE '%%' ) LIMIT 0,10  

[ 2017-09-18T15:41:58+08:00 ] ::1 /onethink/index.php?s=/admin/merchant/edit.html
ERR: 1064:You have an error in your SQL syntax; check the manual that corresponds to your MySQL server version for the right syntax to use near ') LIMIT 1' at line 1
 [ SQL语句 ] : SELECT * FROM `onethink_store` WHERE ( id= ) LIMIT 1  

[ 2017-09-18T15:42:02+08:00 ] ::1 /onethink/index.php?s=/admin/merchant/edit.html
ERR: 1064:You have an error in your SQL syntax; check the manual that corresponds to your MySQL server version for the right syntax to use near ') LIMIT 1' at line 1
 [ SQL语句 ] : SELECT * FROM `onethink_store` WHERE ( id= ) LIMIT 1  

[ 2017-09-18T15:42:13+08:00 ] ::1 /onethink/index.php?s=/admin/mall/edit.html
ERR: 1064:You have an error in your SQL syntax; check the manual that corresponds to your MySQL server version for the right syntax to use near ') LIMIT 1' at line 1
 [ SQL语句 ] : SELECT * FROM `onethink_mall` WHERE ( id= ) LIMIT 1  
ERR: 1146:Table 'test.onethink_city' doesn't exist
 [ SQL语句 ] : SHOW COLUMNS FROM `onethink_city`
ERR: 1146:Table 'test.onethink_city' doesn't exist
 [ SQL语句 ] : SELECT * FROM `onethink_city` 

[ 2017-09-18T15:42:33+08:00 ] ::1 /onethink/index.php?s=/admin/merchant/edit.html
ERR: 1064:You have an error in your SQL syntax; check the manual that corresponds to your MySQL server version for the right syntax to use near ') LIMIT 1' at line 1
 [ SQL语句 ] : SELECT * FROM `onethink_store` WHERE ( id= ) LIMIT 1  

[ 2017-09-18T15:42:36+08:00 ] ::1 /onethink/index.php?s=/admin/merchant/edit.html
ERR: 1064:You have an error in your SQL syntax; check the manual that corresponds to your MySQL server version for the right syntax to use near ') LIMIT 1' at line 1
 [ SQL语句 ] : SELECT * FROM `onethink_store` WHERE ( id= ) LIMIT 1  

[ 2017-09-18T15:43:02+08:00 ] ::1 /onethink/index.php?s=/admin/merchant/edit.html
ERR: 1064:You have an error in your SQL syntax; check the manual that corresponds to your MySQL server version for the right syntax to use near ') LIMIT 1' at line 1
 [ SQL语句 ] : SELECT * FROM `onethink_store` WHERE ( id= ) LIMIT 1  

[ 2017-09-18T15:56:09+08:00 ] ::1 /onethink/index.php?s=/admin/merchant/12312.html
ERR: 非法操作:12312

[ 2017-09-18T15:57:51+08:00 ] ::1 /onethink/index.php?s=/admin/merchant/12312.html
ERR: 非法操作:12312

[ 2017-09-18T16:02:04+08:00 ] ::1 /onethink/index.php?s=/admin/pomo/index.html
ERR: 1054:Unknown column 'addtime' in 'field list'
 [ SQL语句 ] : SELECT `id`,`city_id`,`name`,`image`,`addtime`,`longitude`,`latitude` FROM `onethink_mall` WHERE ( `name` LIKE '%%' ) LIMIT 0,10  

[ 2017-09-18T17:05:05+08:00 ] ::1 /onethink/index.php?s=/admin/sign/edit.html
ERR: 1064:You have an error in your SQL syntax; check the manual that corresponds to your MySQL server version for the right syntax to use near ') LIMIT 1' at line 1
 [ SQL语句 ] : SELECT * FROM `onethink_store` WHERE ( id= ) LIMIT 1  

[ 2017-09-18T17:05:11+08:00 ] ::1 /onethink/index.php?s=/admin/sign/edit.html
ERR: 1064:You have an error in your SQL syntax; check the manual that corresponds to your MySQL server version for the right syntax to use near ') LIMIT 1' at line 1
 [ SQL语句 ] : SELECT * FROM `onethink_store` WHERE ( id= ) LIMIT 1  

[ 2017-09-18T17:05:18+08:00 ] ::1 /onethink/index.php?s=/admin/sign/edit.html
ERR: 1064:You have an error in your SQL syntax; check the manual that corresponds to your MySQL server version for the right syntax to use near ') LIMIT 1' at line 1
 [ SQL语句 ] : SELECT * FROM `onethink_store` WHERE ( id= ) LIMIT 1  

[ 2017-09-18T17:05:58+08:00 ] ::1 /onethink/index.php?s=/admin/pomo/index.html
ERR: 1054:Unknown column 'addtime' in 'field list'
 [ SQL语句 ] : SELECT `id`,`city_id`,`name`,`image`,`addtime`,`longitude`,`latitude` FROM `onethink_mall` WHERE ( `name` LIKE '%%' ) LIMIT 0,10  

[ 2017-09-18T17:06:02+08:00 ] ::1 /onethink/index.php?s=/admin/sign/edit.html
ERR: 1064:You have an error in your SQL syntax; check the manual that corresponds to your MySQL server version for the right syntax to use near ') LIMIT 1' at line 1
 [ SQL语句 ] : SELECT * FROM `onethink_store` WHERE ( id= ) LIMIT 1  

[ 2017-09-18T17:16:11+08:00 ] ::1 /onethink/index.php?s=/admin/sign/edit.html
ERR: 1064:You have an error in your SQL syntax; check the manual that corresponds to your MySQL server version for the right syntax to use near ') LIMIT 1' at line 1
 [ SQL语句 ] : SELECT * FROM `onethink_store` WHERE ( id= ) LIMIT 1  

[ 2017-09-18T17:17:12+08:00 ] ::1 /onethink/index.php?s=/admin/sign/edit.html
ERR: 1064:You have an error in your SQL syntax; check the manual that corresponds to your MySQL server version for the right syntax to use near ') LIMIT 1' at line 1
 [ SQL语句 ] : SELECT * FROM `onethink_store` WHERE ( id= ) LIMIT 1  

[ 2017-09-18T17:17:13+08:00 ] ::1 /onethink/index.php?s=/admin/sign/1231.html
ERR: 非法操作:1231

