[ 2017-09-12T10:14:23+08:00 ] ::1 /onethink/install.php?s=/Install/step2.html
ERR: Access denied for user 'root'@'localhost' (using password: NO)

[ 2017-09-12T10:43:31+08:00 ] ::1 /onethink/index.php?s=/admin/menu/other.html
ERR: 非法操作:other

[ 2017-09-12T10:43:33+08:00 ] ::1 /onethink/index.php?s=/admin/menu/other.html
ERR: 非法操作:other

[ 2017-09-12T10:43:35+08:00 ] ::1 /onethink/index.php?s=/admin/menu/other.html
ERR: 非法操作:other

[ 2017-09-12T11:00:20+08:00 ] ::1 /onethink/index.php?s=/admin/pomo/index.html
ERR: 无法加载控制器:Pomo

[ 2017-09-12T11:00:23+08:00 ] ::1 /onethink/index.php?s=/admin/pomo/index.html
ERR: 无法加载控制器:Pomo

[ 2017-09-12T11:03:16+08:00 ] ::1 /onethink/index.php?s=/admin/pomo/index.html
ERR: 无法加载控制器:Pomo

[ 2017-09-12T11:24:20+08:00 ] ::1 /onethink/index.php?s=/admin/pomo/index.html
ERR: 1146:Table 'test.onethink_mall' doesn't exist
 [ SQL语句 ] : SHOW COLUMNS FROM `onethink_mall`
ERR: 1146:Table 'test.onethink_mall' doesn't exist
 [ SQL语句 ] : SELECT `id`,`city_id`,`name`,`image`,`addtime`,`longitude`,`latitude` FROM `onethink_mall` WHERE ( `name` LIKE '%%' ) LIMIT 0,10  
ERR: 1146:Table 'test.onethink_mall' doesn't exist
 [ SQL语句 ] : SELECT COUNT(*) AS tp_count FROM `onethink_mall` WHERE ( `name` LIKE '%%' ) LIMIT 1  

[ 2017-09-12T11:24:24+08:00 ] ::1 /onethink/index.php?s=/admin/pomo/edit.html
ERR: 非法操作:edit

[ 2017-09-12T11:30:14+08:00 ] ::1 /onethink/index.php?s=/admin/pomo/index.html
ERR: 1146:Table 'test.onethink_mall' doesn't exist
 [ SQL语句 ] : SHOW COLUMNS FROM `onethink_mall`
ERR: 1146:Table 'test.onethink_mall' doesn't exist
 [ SQL语句 ] : SELECT `id`,`city_id`,`name`,`image`,`addtime`,`longitude`,`latitude` FROM `onethink_mall` WHERE ( `name` LIKE '%%' ) LIMIT 0,10  
ERR: 1146:Table 'test.onethink_mall' doesn't exist
 [ SQL语句 ] : SELECT COUNT(*) AS tp_count FROM `onethink_mall` WHERE ( `name` LIKE '%%' ) LIMIT 1  

[ 2017-09-12T11:31:25+08:00 ] ::1 /onethink/index.php?s=/admin/pomo/index.html
ERR: 1146:Table 'test.onethink_mall' doesn't exist
 [ SQL语句 ] : SHOW COLUMNS FROM `onethink_mall`
ERR: 1146:Table 'test.onethink_mall' doesn't exist
 [ SQL语句 ] : SELECT `id`,`city_id`,`name`,`image`,`addtime`,`longitude`,`latitude` FROM `onethink_mall` WHERE ( `name` LIKE '%%' ) LIMIT 0,10  
ERR: 1146:Table 'test.onethink_mall' doesn't exist
 [ SQL语句 ] : SELECT COUNT(*) AS tp_count FROM `onethink_mall` WHERE ( `name` LIKE '%%' ) LIMIT 1  

[ 2017-09-12T11:31:26+08:00 ] ::1 /onethink/index.php?s=/admin/pomo/base.html
ERR: 非法操作:base

[ 2017-09-12T11:31:31+08:00 ] ::1 /onethink/index.php?s=/admin/pomo/index.html
ERR: 1146:Table 'test.onethink_mall' doesn't exist
 [ SQL语句 ] : SHOW COLUMNS FROM `onethink_mall`
ERR: 1146:Table 'test.onethink_mall' doesn't exist
 [ SQL语句 ] : SELECT `id`,`city_id`,`name`,`image`,`addtime`,`longitude`,`latitude` FROM `onethink_mall` WHERE ( `name` LIKE '%%' ) LIMIT 0,10  
ERR: 1146:Table 'test.onethink_mall' doesn't exist
 [ SQL语句 ] : SELECT COUNT(*) AS tp_count FROM `onethink_mall` WHERE ( `name` LIKE '%%' ) LIMIT 1  

[ 2017-09-12T11:31:32+08:00 ] ::1 /onethink/index.php?s=/admin/pomo/index.html
ERR: 1146:Table 'test.onethink_mall' doesn't exist
 [ SQL语句 ] : SHOW COLUMNS FROM `onethink_mall`
ERR: 1146:Table 'test.onethink_mall' doesn't exist
 [ SQL语句 ] : SELECT `id`,`city_id`,`name`,`image`,`addtime`,`longitude`,`latitude` FROM `onethink_mall` WHERE ( `name` LIKE '%%' ) LIMIT 0,10  
ERR: 1146:Table 'test.onethink_mall' doesn't exist
 [ SQL语句 ] : SELECT COUNT(*) AS tp_count FROM `onethink_mall` WHERE ( `name` LIKE '%%' ) LIMIT 1  

[ 2017-09-12T11:31:33+08:00 ] ::1 /onethink/index.php?s=/admin/pomo/index.html
ERR: 1146:Table 'test.onethink_mall' doesn't exist
 [ SQL语句 ] : SHOW COLUMNS FROM `onethink_mall`
ERR: 1146:Table 'test.onethink_mall' doesn't exist
 [ SQL语句 ] : SELECT `id`,`city_id`,`name`,`image`,`addtime`,`longitude`,`latitude` FROM `onethink_mall` WHERE ( `name` LIKE '%%' ) LIMIT 0,10  
ERR: 1146:Table 'test.onethink_mall' doesn't exist
 [ SQL语句 ] : SELECT COUNT(*) AS tp_count FROM `onethink_mall` WHERE ( `name` LIKE '%%' ) LIMIT 1  

[ 2017-09-12T11:31:40+08:00 ] ::1 /onethink/index.php?s=/admin/pomo/edit.html
ERR: 非法操作:edit

[ 2017-09-12T11:31:54+08:00 ] ::1 /onethink/index.php?s=/admin/pomo/index.html
ERR: 1146:Table 'test.onethink_mall' doesn't exist
 [ SQL语句 ] : SHOW COLUMNS FROM `onethink_mall`
ERR: 1146:Table 'test.onethink_mall' doesn't exist
 [ SQL语句 ] : SELECT `id`,`city_id`,`name`,`image`,`addtime`,`longitude`,`latitude` FROM `onethink_mall` WHERE ( `name` LIKE '%%' ) LIMIT 0,10  
ERR: 1146:Table 'test.onethink_mall' doesn't exist
 [ SQL语句 ] : SELECT COUNT(*) AS tp_count FROM `onethink_mall` WHERE ( `name` LIKE '%%' ) LIMIT 1  

[ 2017-09-12T11:33:05+08:00 ] ::1 /onethink/index.php?s=/admin/pomo/index.html
ERR: 1146:Table 'test.onethink_mall' doesn't exist
 [ SQL语句 ] : SHOW COLUMNS FROM `onethink_mall`
ERR: 1146:Table 'test.onethink_mall' doesn't exist
 [ SQL语句 ] : SELECT `id`,`city_id`,`name`,`image`,`addtime`,`longitude`,`latitude` FROM `onethink_mall` WHERE ( `name` LIKE '%%' ) LIMIT 0,10  
ERR: 1146:Table 'test.onethink_mall' doesn't exist
 [ SQL语句 ] : SELECT COUNT(*) AS tp_count FROM `onethink_mall` WHERE ( `name` LIKE '%%' ) LIMIT 1  

[ 2017-09-12T11:33:08+08:00 ] ::1 /onethink/index.php?s=/admin/pomo/index.html
ERR: 1146:Table 'test.onethink_mall' doesn't exist
 [ SQL语句 ] : SHOW COLUMNS FROM `onethink_mall`
ERR: 1146:Table 'test.onethink_mall' doesn't exist
 [ SQL语句 ] : SELECT `id`,`city_id`,`name`,`image`,`addtime`,`longitude`,`latitude` FROM `onethink_mall` WHERE ( `name` LIKE '%%' ) LIMIT 0,10  
ERR: 1146:Table 'test.onethink_mall' doesn't exist
 [ SQL语句 ] : SELECT COUNT(*) AS tp_count FROM `onethink_mall` WHERE ( `name` LIKE '%%' ) LIMIT 1  

[ 2017-09-12T11:33:08+08:00 ] ::1 /onethink/index.php?s=/admin/pomo/index.html
ERR: 1146:Table 'test.onethink_mall' doesn't exist
 [ SQL语句 ] : SHOW COLUMNS FROM `onethink_mall`
ERR: 1146:Table 'test.onethink_mall' doesn't exist
 [ SQL语句 ] : SELECT `id`,`city_id`,`name`,`image`,`addtime`,`longitude`,`latitude` FROM `onethink_mall` WHERE ( `name` LIKE '%%' ) LIMIT 0,10  
ERR: 1146:Table 'test.onethink_mall' doesn't exist
 [ SQL语句 ] : SELECT COUNT(*) AS tp_count FROM `onethink_mall` WHERE ( `name` LIKE '%%' ) LIMIT 1  

[ 2017-09-12T11:33:08+08:00 ] ::1 /onethink/index.php?s=/admin/pomo/index.html
ERR: 1146:Table 'test.onethink_mall' doesn't exist
 [ SQL语句 ] : SHOW COLUMNS FROM `onethink_mall`
ERR: 1146:Table 'test.onethink_mall' doesn't exist
 [ SQL语句 ] : SELECT `id`,`city_id`,`name`,`image`,`addtime`,`longitude`,`latitude` FROM `onethink_mall` WHERE ( `name` LIKE '%%' ) LIMIT 0,10  
ERR: 1146:Table 'test.onethink_mall' doesn't exist
 [ SQL语句 ] : SELECT COUNT(*) AS tp_count FROM `onethink_mall` WHERE ( `name` LIKE '%%' ) LIMIT 1  

[ 2017-09-12T11:33:09+08:00 ] ::1 /onethink/index.php?s=/admin/pomo/index.html
ERR: 1146:Table 'test.onethink_mall' doesn't exist
 [ SQL语句 ] : SHOW COLUMNS FROM `onethink_mall`
ERR: 1146:Table 'test.onethink_mall' doesn't exist
 [ SQL语句 ] : SELECT `id`,`city_id`,`name`,`image`,`addtime`,`longitude`,`latitude` FROM `onethink_mall` WHERE ( `name` LIKE '%%' ) LIMIT 0,10  
ERR: 1146:Table 'test.onethink_mall' doesn't exist
 [ SQL语句 ] : SELECT COUNT(*) AS tp_count FROM `onethink_mall` WHERE ( `name` LIKE '%%' ) LIMIT 1  

[ 2017-09-12T11:33:09+08:00 ] ::1 /onethink/index.php?s=/admin/pomo/index.html
ERR: 1146:Table 'test.onethink_mall' doesn't exist
 [ SQL语句 ] : SHOW COLUMNS FROM `onethink_mall`
ERR: 1146:Table 'test.onethink_mall' doesn't exist
 [ SQL语句 ] : SELECT `id`,`city_id`,`name`,`image`,`addtime`,`longitude`,`latitude` FROM `onethink_mall` WHERE ( `name` LIKE '%%' ) LIMIT 0,10  
ERR: 1146:Table 'test.onethink_mall' doesn't exist
 [ SQL语句 ] : SELECT COUNT(*) AS tp_count FROM `onethink_mall` WHERE ( `name` LIKE '%%' ) LIMIT 1  

[ 2017-09-12T11:33:09+08:00 ] ::1 /onethink/index.php?s=/admin/pomo/index.html
ERR: 1146:Table 'test.onethink_mall' doesn't exist
 [ SQL语句 ] : SHOW COLUMNS FROM `onethink_mall`
ERR: 1146:Table 'test.onethink_mall' doesn't exist
 [ SQL语句 ] : SELECT `id`,`city_id`,`name`,`image`,`addtime`,`longitude`,`latitude` FROM `onethink_mall` WHERE ( `name` LIKE '%%' ) LIMIT 0,10  
ERR: 1146:Table 'test.onethink_mall' doesn't exist
 [ SQL语句 ] : SELECT COUNT(*) AS tp_count FROM `onethink_mall` WHERE ( `name` LIKE '%%' ) LIMIT 1  

[ 2017-09-12T11:33:09+08:00 ] ::1 /onethink/index.php?s=/admin/pomo/index.html
ERR: 1146:Table 'test.onethink_mall' doesn't exist
 [ SQL语句 ] : SHOW COLUMNS FROM `onethink_mall`
ERR: 1146:Table 'test.onethink_mall' doesn't exist
 [ SQL语句 ] : SELECT `id`,`city_id`,`name`,`image`,`addtime`,`longitude`,`latitude` FROM `onethink_mall` WHERE ( `name` LIKE '%%' ) LIMIT 0,10  
ERR: 1146:Table 'test.onethink_mall' doesn't exist
 [ SQL语句 ] : SELECT COUNT(*) AS tp_count FROM `onethink_mall` WHERE ( `name` LIKE '%%' ) LIMIT 1  

[ 2017-09-12T11:33:09+08:00 ] ::1 /onethink/index.php?s=/admin/pomo/index.html
ERR: 1146:Table 'test.onethink_mall' doesn't exist
 [ SQL语句 ] : SHOW COLUMNS FROM `onethink_mall`
ERR: 1146:Table 'test.onethink_mall' doesn't exist
 [ SQL语句 ] : SELECT `id`,`city_id`,`name`,`image`,`addtime`,`longitude`,`latitude` FROM `onethink_mall` WHERE ( `name` LIKE '%%' ) LIMIT 0,10  
ERR: 1146:Table 'test.onethink_mall' doesn't exist
 [ SQL语句 ] : SELECT COUNT(*) AS tp_count FROM `onethink_mall` WHERE ( `name` LIKE '%%' ) LIMIT 1  

[ 2017-09-12T11:33:10+08:00 ] ::1 /onethink/index.php?s=/admin/pomo/base.html
ERR: 非法操作:base

[ 2017-09-12T11:33:29+08:00 ] ::1 /onethink/index.php?s=/admin/pomo/index.html
ERR: 1146:Table 'test.onethink_mall' doesn't exist
 [ SQL语句 ] : SHOW COLUMNS FROM `onethink_mall`
ERR: 1146:Table 'test.onethink_mall' doesn't exist
 [ SQL语句 ] : SELECT `id`,`city_id`,`name`,`image`,`addtime`,`longitude`,`latitude` FROM `onethink_mall` WHERE ( `name` LIKE '%%' ) LIMIT 0,10  
ERR: 1146:Table 'test.onethink_mall' doesn't exist
 [ SQL语句 ] : SELECT COUNT(*) AS tp_count FROM `onethink_mall` WHERE ( `name` LIKE '%%' ) LIMIT 1  

[ 2017-09-12T11:33:39+08:00 ] ::1 /onethink/index.php?s=/admin/pomo/index.html
ERR: 1146:Table 'test.onethink_mall' doesn't exist
 [ SQL语句 ] : SHOW COLUMNS FROM `onethink_mall`
ERR: 1146:Table 'test.onethink_mall' doesn't exist
 [ SQL语句 ] : SELECT `id`,`city_id`,`name`,`image`,`addtime`,`longitude`,`latitude` FROM `onethink_mall` WHERE ( `name` LIKE '%%' ) LIMIT 0,10  
ERR: 1146:Table 'test.onethink_mall' doesn't exist
 [ SQL语句 ] : SELECT COUNT(*) AS tp_count FROM `onethink_mall` WHERE ( `name` LIKE '%%' ) LIMIT 1  

[ 2017-09-12T11:33:41+08:00 ] ::1 /onethink/index.php?s=/admin/pomo/index.html
ERR: 1146:Table 'test.onethink_mall' doesn't exist
 [ SQL语句 ] : SHOW COLUMNS FROM `onethink_mall`
ERR: 1146:Table 'test.onethink_mall' doesn't exist
 [ SQL语句 ] : SELECT `id`,`city_id`,`name`,`image`,`addtime`,`longitude`,`latitude` FROM `onethink_mall` WHERE ( `name` LIKE '%%' ) LIMIT 0,10  
ERR: 1146:Table 'test.onethink_mall' doesn't exist
 [ SQL语句 ] : SELECT COUNT(*) AS tp_count FROM `onethink_mall` WHERE ( `name` LIKE '%%' ) LIMIT 1  

[ 2017-09-12T11:35:44+08:00 ] ::1 /onethink/index.php?s=/admin/pomo/index.html
ERR: 1146:Table 'test.onethink_mall' doesn't exist
 [ SQL语句 ] : SHOW COLUMNS FROM `onethink_mall`
ERR: 1146:Table 'test.onethink_mall' doesn't exist
 [ SQL语句 ] : SELECT `id`,`city_id`,`name`,`image`,`addtime`,`longitude`,`latitude` FROM `onethink_mall` WHERE ( `name` LIKE '%%' ) LIMIT 0,10  
ERR: 1146:Table 'test.onethink_mall' doesn't exist
 [ SQL语句 ] : SELECT COUNT(*) AS tp_count FROM `onethink_mall` WHERE ( `name` LIKE '%%' ) LIMIT 1  

[ 2017-09-12T11:35:57+08:00 ] ::1 /onethink/index.php?s=/admin/pomo/index.html
ERR: 1146:Table 'test.onethink_mall' doesn't exist
 [ SQL语句 ] : SHOW COLUMNS FROM `onethink_mall`
ERR: 1146:Table 'test.onethink_mall' doesn't exist
 [ SQL语句 ] : SELECT `id`,`city_id`,`name`,`image`,`addtime`,`longitude`,`latitude` FROM `onethink_mall` WHERE ( `name` LIKE '%%' ) LIMIT 0,10  
ERR: 1146:Table 'test.onethink_mall' doesn't exist
 [ SQL语句 ] : SELECT COUNT(*) AS tp_count FROM `onethink_mall` WHERE ( `name` LIKE '%%' ) LIMIT 1  

[ 2017-09-12T11:38:14+08:00 ] ::1 /onethink/index.php?s=/admin/pomo/index.html
ERR: 1146:Table 'test.onethink_mall' doesn't exist
 [ SQL语句 ] : SHOW COLUMNS FROM `onethink_mall`
ERR: 1146:Table 'test.onethink_mall' doesn't exist
 [ SQL语句 ] : SELECT `id`,`city_id`,`name`,`image`,`addtime`,`longitude`,`latitude` FROM `onethink_mall` WHERE ( `name` LIKE '%%' ) LIMIT 0,10  
ERR: 1146:Table 'test.onethink_mall' doesn't exist
 [ SQL语句 ] : SELECT COUNT(*) AS tp_count FROM `onethink_mall` WHERE ( `name` LIKE '%%' ) LIMIT 1  

[ 2017-09-12T11:38:16+08:00 ] ::1 /onethink/index.php?s=/admin/uuu/fd.html
ERR: 无法加载控制器:Uuu

[ 2017-09-12T11:38:18+08:00 ] ::1 /onethink/index.php?s=/admin/pomo/base.html
ERR: 非法操作:base

[ 2017-09-12T11:39:46+08:00 ] ::1 /onethink/index.php?s=/admin/pomo/index.html
ERR: 1146:Table 'test.onethink_mall' doesn't exist
 [ SQL语句 ] : SHOW COLUMNS FROM `onethink_mall`
ERR: 1146:Table 'test.onethink_mall' doesn't exist
 [ SQL语句 ] : SELECT `id`,`city_id`,`name`,`image`,`addtime`,`longitude`,`latitude` FROM `onethink_mall` WHERE ( `name` LIKE '%%' ) LIMIT 0,10  
ERR: 1146:Table 'test.onethink_mall' doesn't exist
 [ SQL语句 ] : SELECT COUNT(*) AS tp_count FROM `onethink_mall` WHERE ( `name` LIKE '%%' ) LIMIT 1  

[ 2017-09-12T11:40:29+08:00 ] ::1 /onethink/index.php?s=/admin/pomo/index.html
ERR: 1146:Table 'test.onethink_mall' doesn't exist
 [ SQL语句 ] : SHOW COLUMNS FROM `onethink_mall`
ERR: 1146:Table 'test.onethink_mall' doesn't exist
 [ SQL语句 ] : SELECT `id`,`city_id`,`name`,`image`,`addtime`,`longitude`,`latitude` FROM `onethink_mall` WHERE ( `name` LIKE '%%' ) LIMIT 0,10  
ERR: 1146:Table 'test.onethink_mall' doesn't exist
 [ SQL语句 ] : SELECT COUNT(*) AS tp_count FROM `onethink_mall` WHERE ( `name` LIKE '%%' ) LIMIT 1  

[ 2017-09-12T11:42:08+08:00 ] ::1 /onethink/index.php?s=/admin/pomo/index.html
ERR: 1146:Table 'test.onethink_mall' doesn't exist
 [ SQL语句 ] : SHOW COLUMNS FROM `onethink_mall`
ERR: 1146:Table 'test.onethink_mall' doesn't exist
 [ SQL语句 ] : SELECT `id`,`city_id`,`name`,`image`,`addtime`,`longitude`,`latitude` FROM `onethink_mall` WHERE ( `name` LIKE '%%' ) LIMIT 0,10  
ERR: 1146:Table 'test.onethink_mall' doesn't exist
 [ SQL语句 ] : SELECT COUNT(*) AS tp_count FROM `onethink_mall` WHERE ( `name` LIKE '%%' ) LIMIT 1  

[ 2017-09-12T11:42:51+08:00 ] ::1 /onethink/index.php?s=/admin/pomo/index.html
ERR: 1146:Table 'test.onethink_mall' doesn't exist
 [ SQL语句 ] : SHOW COLUMNS FROM `onethink_mall`
ERR: 1146:Table 'test.onethink_mall' doesn't exist
 [ SQL语句 ] : SELECT `id`,`city_id`,`name`,`image`,`addtime`,`longitude`,`latitude` FROM `onethink_mall` WHERE ( `name` LIKE '%%' ) LIMIT 0,10  
ERR: 1146:Table 'test.onethink_mall' doesn't exist
 [ SQL语句 ] : SELECT COUNT(*) AS tp_count FROM `onethink_mall` WHERE ( `name` LIKE '%%' ) LIMIT 1  

[ 2017-09-12T11:43:06+08:00 ] ::1 /onethink/index.php?s=/admin/pomo/index.html
ERR: 1146:Table 'test.onethink_mall' doesn't exist
 [ SQL语句 ] : SHOW COLUMNS FROM `onethink_mall`
ERR: 1146:Table 'test.onethink_mall' doesn't exist
 [ SQL语句 ] : SELECT `id`,`city_id`,`name`,`image`,`addtime`,`longitude`,`latitude` FROM `onethink_mall` WHERE ( `name` LIKE '%%' ) LIMIT 0,10  
ERR: 1146:Table 'test.onethink_mall' doesn't exist
 [ SQL语句 ] : SELECT COUNT(*) AS tp_count FROM `onethink_mall` WHERE ( `name` LIKE '%%' ) LIMIT 1  

[ 2017-09-12T11:43:55+08:00 ] ::1 /onethink/index.php?s=/admin/pomo/index.html
ERR: 1146:Table 'test.onethink_mall' doesn't exist
 [ SQL语句 ] : SHOW COLUMNS FROM `onethink_mall`
ERR: 1146:Table 'test.onethink_mall' doesn't exist
 [ SQL语句 ] : SELECT `id`,`city_id`,`name`,`image`,`addtime`,`longitude`,`latitude` FROM `onethink_mall` WHERE ( `name` LIKE '%%' ) LIMIT 0,10  
ERR: 1146:Table 'test.onethink_mall' doesn't exist
 [ SQL语句 ] : SELECT COUNT(*) AS tp_count FROM `onethink_mall` WHERE ( `name` LIKE '%%' ) LIMIT 1  

[ 2017-09-12T11:44:28+08:00 ] ::1 /onethink/index.php?s=/admin/pomo/index.html
ERR: 1146:Table 'test.onethink_mall' doesn't exist
 [ SQL语句 ] : SHOW COLUMNS FROM `onethink_mall`
ERR: 1146:Table 'test.onethink_mall' doesn't exist
 [ SQL语句 ] : SELECT `id`,`city_id`,`name`,`image`,`addtime`,`longitude`,`latitude` FROM `onethink_mall` WHERE ( `name` LIKE '%%' ) LIMIT 0,10  
ERR: 1146:Table 'test.onethink_mall' doesn't exist
 [ SQL语句 ] : SELECT COUNT(*) AS tp_count FROM `onethink_mall` WHERE ( `name` LIKE '%%' ) LIMIT 1  

[ 2017-09-12T11:45:27+08:00 ] ::1 /onethink/index.php?s=/admin/pomo/index.html
ERR: 1146:Table 'test.onethink_mall' doesn't exist
 [ SQL语句 ] : SHOW COLUMNS FROM `onethink_mall`
ERR: 1146:Table 'test.onethink_mall' doesn't exist
 [ SQL语句 ] : SELECT `id`,`city_id`,`name`,`image`,`addtime`,`longitude`,`latitude` FROM `onethink_mall` WHERE ( `name` LIKE '%%' ) LIMIT 0,10  
ERR: 1146:Table 'test.onethink_mall' doesn't exist
 [ SQL语句 ] : SELECT COUNT(*) AS tp_count FROM `onethink_mall` WHERE ( `name` LIKE '%%' ) LIMIT 1  

[ 2017-09-12T13:43:28+08:00 ] ::1 /onethink/index.php?s=/admin/uuu/fd.html
ERR: 无法加载控制器:Uuu

[ 2017-09-12T13:45:45+08:00 ] ::1 /onethink/index.php?s=/admin/pomo/index.html
ERR: 1146:Table 'test.onethink_mall' doesn't exist
 [ SQL语句 ] : SHOW COLUMNS FROM `onethink_mall`
ERR: 1146:Table 'test.onethink_mall' doesn't exist
 [ SQL语句 ] : SELECT `id`,`city_id`,`name`,`image`,`addtime`,`longitude`,`latitude` FROM `onethink_mall` WHERE ( `name` LIKE '%%' ) LIMIT 0,10  
ERR: 1146:Table 'test.onethink_mall' doesn't exist
 [ SQL语句 ] : SELECT COUNT(*) AS tp_count FROM `onethink_mall` WHERE ( `name` LIKE '%%' ) LIMIT 1  

[ 2017-09-12T13:49:16+08:00 ] ::1 /onethink/index.php?s=/admin/pomo/index.html
ERR: 1146:Table 'test.onethink_mall' doesn't exist
 [ SQL语句 ] : SHOW COLUMNS FROM `onethink_mall`
ERR: 1146:Table 'test.onethink_mall' doesn't exist
 [ SQL语句 ] : SELECT `id`,`city_id`,`name`,`image`,`addtime`,`longitude`,`latitude` FROM `onethink_mall` WHERE ( `name` LIKE '%%' ) LIMIT 0,10  
ERR: 1146:Table 'test.onethink_mall' doesn't exist
 [ SQL语句 ] : SELECT COUNT(*) AS tp_count FROM `onethink_mall` WHERE ( `name` LIKE '%%' ) LIMIT 1  

[ 2017-09-12T13:49:26+08:00 ] ::1 /onethink/index.php?s=/admin/pomo/index.html
ERR: 1146:Table 'test.onethink_mall' doesn't exist
 [ SQL语句 ] : SHOW COLUMNS FROM `onethink_mall`
ERR: 1146:Table 'test.onethink_mall' doesn't exist
 [ SQL语句 ] : SELECT `id`,`city_id`,`name`,`image`,`addtime`,`longitude`,`latitude` FROM `onethink_mall` WHERE ( `name` LIKE '%%' ) LIMIT 0,10  
ERR: 1146:Table 'test.onethink_mall' doesn't exist
 [ SQL语句 ] : SELECT COUNT(*) AS tp_count FROM `onethink_mall` WHERE ( `name` LIKE '%%' ) LIMIT 1  

[ 2017-09-12T13:49:28+08:00 ] ::1 /onethink/index.php?s=/admin/pomo/base.html
ERR: 非法操作:base

[ 2017-09-12T13:51:11+08:00 ] ::1 /onethink/index.php?s=/admin/pomo/index.html
ERR: 1146:Table 'test.onethink_mall' doesn't exist
 [ SQL语句 ] : SHOW COLUMNS FROM `onethink_mall`
ERR: 1146:Table 'test.onethink_mall' doesn't exist
 [ SQL语句 ] : SELECT `id`,`city_id`,`name`,`image`,`addtime`,`longitude`,`latitude` FROM `onethink_mall` WHERE ( `name` LIKE '%%' ) LIMIT 0,10  
ERR: 1146:Table 'test.onethink_mall' doesn't exist
 [ SQL语句 ] : SELECT COUNT(*) AS tp_count FROM `onethink_mall` WHERE ( `name` LIKE '%%' ) LIMIT 1  

[ 2017-09-12T13:52:56+08:00 ] ::1 /onethink/index.php?s=/admin/pomo/index.html
ERR: 1146:Table 'test.onethink_mall' doesn't exist
 [ SQL语句 ] : SHOW COLUMNS FROM `onethink_mall`
ERR: 1146:Table 'test.onethink_mall' doesn't exist
 [ SQL语句 ] : SELECT `id`,`city_id`,`name`,`image`,`addtime`,`longitude`,`latitude` FROM `onethink_mall` WHERE ( `name` LIKE '%%' ) LIMIT 0,10  
ERR: 1146:Table 'test.onethink_mall' doesn't exist
 [ SQL语句 ] : SELECT COUNT(*) AS tp_count FROM `onethink_mall` WHERE ( `name` LIKE '%%' ) LIMIT 1  

[ 2017-09-12T13:53:13+08:00 ] ::1 /onethink/index.php?s=/admin/pomo/index.html
ERR: 1146:Table 'test.onethink_mall' doesn't exist
 [ SQL语句 ] : SHOW COLUMNS FROM `onethink_mall`
ERR: 1146:Table 'test.onethink_mall' doesn't exist
 [ SQL语句 ] : SELECT `id`,`city_id`,`name`,`image`,`addtime`,`longitude`,`latitude` FROM `onethink_mall` WHERE ( `name` LIKE '%%' ) LIMIT 0,10  
ERR: 1146:Table 'test.onethink_mall' doesn't exist
 [ SQL语句 ] : SELECT COUNT(*) AS tp_count FROM `onethink_mall` WHERE ( `name` LIKE '%%' ) LIMIT 1  

[ 2017-09-12T13:53:14+08:00 ] ::1 /onethink/index.php?s=/admin/pomo/index.html
ERR: 1146:Table 'test.onethink_mall' doesn't exist
 [ SQL语句 ] : SHOW COLUMNS FROM `onethink_mall`
ERR: 1146:Table 'test.onethink_mall' doesn't exist
 [ SQL语句 ] : SELECT `id`,`city_id`,`name`,`image`,`addtime`,`longitude`,`latitude` FROM `onethink_mall` WHERE ( `name` LIKE '%%' ) LIMIT 0,10  
ERR: 1146:Table 'test.onethink_mall' doesn't exist
 [ SQL语句 ] : SELECT COUNT(*) AS tp_count FROM `onethink_mall` WHERE ( `name` LIKE '%%' ) LIMIT 1  

[ 2017-09-12T13:54:17+08:00 ] ::1 /onethink/index.php?s=/admin/pomo/index.html
ERR: 1146:Table 'test.onethink_mall' doesn't exist
 [ SQL语句 ] : SHOW COLUMNS FROM `onethink_mall`
ERR: 1146:Table 'test.onethink_mall' doesn't exist
 [ SQL语句 ] : SELECT `id`,`city_id`,`name`,`image`,`addtime`,`longitude`,`latitude` FROM `onethink_mall` WHERE ( `name` LIKE '%%' ) LIMIT 0,10  
ERR: 1146:Table 'test.onethink_mall' doesn't exist
 [ SQL语句 ] : SELECT COUNT(*) AS tp_count FROM `onethink_mall` WHERE ( `name` LIKE '%%' ) LIMIT 1  

[ 2017-09-12T13:55:42+08:00 ] ::1 /onethink/index.php?s=/admin/pomo/index.html
ERR: 1146:Table 'test.onethink_mall' doesn't exist
 [ SQL语句 ] : SHOW COLUMNS FROM `onethink_mall`
ERR: 1146:Table 'test.onethink_mall' doesn't exist
 [ SQL语句 ] : SELECT `id`,`city_id`,`name`,`image`,`addtime`,`longitude`,`latitude` FROM `onethink_mall` WHERE ( `name` LIKE '%%' ) LIMIT 0,10  
ERR: 1146:Table 'test.onethink_mall' doesn't exist
 [ SQL语句 ] : SELECT COUNT(*) AS tp_count FROM `onethink_mall` WHERE ( `name` LIKE '%%' ) LIMIT 1  

[ 2017-09-12T13:57:48+08:00 ] ::1 /onethink/index.php?s=/admin/pomo/index.html
ERR: 1146:Table 'test.onethink_mall' doesn't exist
 [ SQL语句 ] : SHOW COLUMNS FROM `onethink_mall`
ERR: 1146:Table 'test.onethink_mall' doesn't exist
 [ SQL语句 ] : SELECT `id`,`city_id`,`name`,`image`,`addtime`,`longitude`,`latitude` FROM `onethink_mall` WHERE ( `name` LIKE '%%' ) LIMIT 0,10  
ERR: 1146:Table 'test.onethink_mall' doesn't exist
 [ SQL语句 ] : SELECT COUNT(*) AS tp_count FROM `onethink_mall` WHERE ( `name` LIKE '%%' ) LIMIT 1  

[ 2017-09-12T14:00:16+08:00 ] ::1 /onethink/index.php?s=/admin/pomo/index.html
ERR: 1146:Table 'test.onethink_mall' doesn't exist
 [ SQL语句 ] : SHOW COLUMNS FROM `onethink_mall`
ERR: 1146:Table 'test.onethink_mall' doesn't exist
 [ SQL语句 ] : SELECT `id`,`city_id`,`name`,`image`,`addtime`,`longitude`,`latitude` FROM `onethink_mall` WHERE ( `name` LIKE '%%' ) LIMIT 0,10  
ERR: 1146:Table 'test.onethink_mall' doesn't exist
 [ SQL语句 ] : SELECT COUNT(*) AS tp_count FROM `onethink_mall` WHERE ( `name` LIKE '%%' ) LIMIT 1  

[ 2017-09-12T14:00:22+08:00 ] ::1 /onethink/index.php?s=/admin/uuu/fd.html
ERR: 无法加载控制器:Uuu

[ 2017-09-12T14:00:24+08:00 ] ::1 /onethink/index.php?s=/admin/uuu/fd.html
ERR: 无法加载控制器:Uuu

[ 2017-09-12T14:02:38+08:00 ] ::1 /onethink/index.php?s=/admin/pomo/index.html
ERR: 1146:Table 'test.onethink_mall' doesn't exist
 [ SQL语句 ] : SHOW COLUMNS FROM `onethink_mall`
ERR: 1146:Table 'test.onethink_mall' doesn't exist
 [ SQL语句 ] : SELECT `id`,`city_id`,`name`,`image`,`addtime`,`longitude`,`latitude` FROM `onethink_mall` WHERE ( `name` LIKE '%%' ) LIMIT 0,10  
ERR: 1146:Table 'test.onethink_mall' doesn't exist
 [ SQL语句 ] : SELECT COUNT(*) AS tp_count FROM `onethink_mall` WHERE ( `name` LIKE '%%' ) LIMIT 1  

[ 2017-09-12T14:03:53+08:00 ] ::1 /onethink/index.php?s=/admin/pomo/index.html
ERR: 1146:Table 'test.onethink_mall' doesn't exist
 [ SQL语句 ] : SHOW COLUMNS FROM `onethink_mall`
ERR: 1146:Table 'test.onethink_mall' doesn't exist
 [ SQL语句 ] : SELECT `id`,`city_id`,`name`,`image`,`addtime`,`longitude`,`latitude` FROM `onethink_mall` WHERE ( `name` LIKE '%%' ) LIMIT 0,10  
ERR: 1146:Table 'test.onethink_mall' doesn't exist
 [ SQL语句 ] : SELECT COUNT(*) AS tp_count FROM `onethink_mall` WHERE ( `name` LIKE '%%' ) LIMIT 1  

[ 2017-09-12T14:06:55+08:00 ] ::1 /onethink/index.php?s=/admin/pomo/index.html
ERR: 1146:Table 'test.onethink_mall' doesn't exist
 [ SQL语句 ] : SHOW COLUMNS FROM `onethink_mall`
ERR: 1146:Table 'test.onethink_mall' doesn't exist
 [ SQL语句 ] : SELECT `id`,`city_id`,`name`,`image`,`addtime`,`longitude`,`latitude` FROM `onethink_mall` WHERE ( `name` LIKE '%%' ) LIMIT 0,10  
ERR: 1146:Table 'test.onethink_mall' doesn't exist
 [ SQL语句 ] : SELECT COUNT(*) AS tp_count FROM `onethink_mall` WHERE ( `name` LIKE '%%' ) LIMIT 1  

[ 2017-09-12T14:07:47+08:00 ] ::1 /onethink/index.php?s=/admin/pomo/index.html
ERR: 1146:Table 'test.onethink_mall' doesn't exist
 [ SQL语句 ] : SHOW COLUMNS FROM `onethink_mall`
ERR: 1146:Table 'test.onethink_mall' doesn't exist
 [ SQL语句 ] : SELECT `id`,`city_id`,`name`,`image`,`addtime`,`longitude`,`latitude` FROM `onethink_mall` WHERE ( `name` LIKE '%%' ) LIMIT 0,10  
ERR: 1146:Table 'test.onethink_mall' doesn't exist
 [ SQL语句 ] : SELECT COUNT(*) AS tp_count FROM `onethink_mall` WHERE ( `name` LIKE '%%' ) LIMIT 1  

[ 2017-09-12T14:08:59+08:00 ] ::1 /onethink/index.php?s=/admin/pomo/index.html
ERR: 1146:Table 'test.onethink_mall' doesn't exist
 [ SQL语句 ] : SHOW COLUMNS FROM `onethink_mall`
ERR: 1146:Table 'test.onethink_mall' doesn't exist
 [ SQL语句 ] : SELECT `id`,`city_id`,`name`,`image`,`addtime`,`longitude`,`latitude` FROM `onethink_mall` WHERE ( `name` LIKE '%%' ) LIMIT 0,10  
ERR: 1146:Table 'test.onethink_mall' doesn't exist
 [ SQL语句 ] : SELECT COUNT(*) AS tp_count FROM `onethink_mall` WHERE ( `name` LIKE '%%' ) LIMIT 1  

[ 2017-09-12T14:10:31+08:00 ] ::1 /onethink/index.php?s=/admin/pomo/index.html
ERR: 1146:Table 'test.onethink_mall' doesn't exist
 [ SQL语句 ] : SHOW COLUMNS FROM `onethink_mall`
ERR: 1146:Table 'test.onethink_mall' doesn't exist
 [ SQL语句 ] : SELECT `id`,`city_id`,`name`,`image`,`addtime`,`longitude`,`latitude` FROM `onethink_mall` WHERE ( `name` LIKE '%%' ) LIMIT 0,10  
ERR: 1146:Table 'test.onethink_mall' doesn't exist
 [ SQL语句 ] : SELECT COUNT(*) AS tp_count FROM `onethink_mall` WHERE ( `name` LIKE '%%' ) LIMIT 1  

[ 2017-09-12T16:26:41+08:00 ] ::1 /onethink/index.php?s=/admin/pomo/index.html
ERR: 1146:Table 'test.onethink_mall' doesn't exist
 [ SQL语句 ] : SHOW COLUMNS FROM `onethink_mall`
ERR: 1146:Table 'test.onethink_mall' doesn't exist
 [ SQL语句 ] : SELECT `id`,`city_id`,`name`,`image`,`addtime`,`longitude`,`latitude` FROM `onethink_mall` WHERE ( `name` LIKE '%%' ) LIMIT 0,10  
ERR: 1146:Table 'test.onethink_mall' doesn't exist
 [ SQL语句 ] : SELECT COUNT(*) AS tp_count FROM `onethink_mall` WHERE ( `name` LIKE '%%' ) LIMIT 1  

[ 2017-09-12T16:46:07+08:00 ] ::1 /onethink/index.php?s=/admin/pomo/index.html
ERR: 1146:Table 'test.onethink_mall' doesn't exist
 [ SQL语句 ] : SHOW COLUMNS FROM `onethink_mall`
ERR: 1146:Table 'test.onethink_mall' doesn't exist
 [ SQL语句 ] : SELECT `id`,`city_id`,`name`,`image`,`addtime`,`longitude`,`latitude` FROM `onethink_mall` WHERE ( `name` LIKE '%%' ) LIMIT 0,10  
ERR: 1146:Table 'test.onethink_mall' doesn't exist
 [ SQL语句 ] : SELECT COUNT(*) AS tp_count FROM `onethink_mall` WHERE ( `name` LIKE '%%' ) LIMIT 1  

[ 2017-09-12T16:47:53+08:00 ] ::1 /onethink/index.php?s=/admin/pomo/index.html
ERR: 1146:Table 'test.onethink_mall' doesn't exist
 [ SQL语句 ] : SHOW COLUMNS FROM `onethink_mall`
ERR: 1146:Table 'test.onethink_mall' doesn't exist
 [ SQL语句 ] : SELECT `id`,`city_id`,`name`,`image`,`addtime`,`longitude`,`latitude` FROM `onethink_mall` WHERE ( `name` LIKE '%%' ) LIMIT 0,10  
ERR: 1146:Table 'test.onethink_mall' doesn't exist
 [ SQL语句 ] : SELECT COUNT(*) AS tp_count FROM `onethink_mall` WHERE ( `name` LIKE '%%' ) LIMIT 1  

[ 2017-09-12T17:37:57+08:00 ] ::1 /onethink/index.php?s=/admin/pomo/index.html
ERR: 1146:Table 'test.onethink_mall' doesn't exist
 [ SQL语句 ] : SHOW COLUMNS FROM `onethink_mall`
ERR: 1146:Table 'test.onethink_mall' doesn't exist
 [ SQL语句 ] : SELECT `id`,`city_id`,`name`,`image`,`addtime`,`longitude`,`latitude` FROM `onethink_mall` WHERE ( `name` LIKE '%%' ) LIMIT 0,10  
ERR: 1146:Table 'test.onethink_mall' doesn't exist
 [ SQL语句 ] : SELECT COUNT(*) AS tp_count FROM `onethink_mall` WHERE ( `name` LIKE '%%' ) LIMIT 1  

